<?xml version="1.0" encoding="UTF-8"?>
<!-- Generated by org.testng.reporters.JUnitReportReporter -->
<testsuite skipped="0" hostname="Selbis-MacBook-Air.local" name="com.example.restservice.RestServiceApplicationTests" tests="1" failures="0" timestamp="2021-04-27T15:57:27 CDT" time="2.272" errors="0">
  <testcase name="SampleTest" time="2.272" classname="com.example.restservice.RestServiceApplicationTests"/>
  <system-out/>
</testsuite> <!-- com.example.restservice.RestServiceApplicationTests -->
