<?xml version="1.0" encoding="UTF-8"?>
<!-- Generated by org.testng.reporters.JUnitReportReporter -->
<testsuite skipped="0" hostname="Selbis-MacBook-Air.local" name="com.example.restservice.RestAPIAutomationTests" tests="1" failures="0" timestamp="2021-04-27T16:06:29 CDT" time="2.496" errors="0">
  <testcase name="SampleTest" time="2.496" classname="com.example.restservice.RestAPIAutomationTests"/>
  <system-out/>
</testsuite> <!-- com.example.restservice.RestAPIAutomationTests -->
